<?xml version="1.0" encoding="UTF-8"?>
<!-- Generated by org.testng.reporters.JUnitXMLReporter -->
<testsuite hostname="DESKTOP-1CMO051" ignored="1" name="Test" tests="4" failures="0" timestamp="29 Jun 2021 04:49:47 GMT" time="0.091" errors="0">
  <testcase name="myPersonalInfo" time="0.013" classname="testNGPackage.TestNGLearning"/>
  <testcase name="pause" time="0.002" classname="testNGPackage.TestNGLearning"/>
  <testcase name="rolesAndResponsibilities" time="0.001" classname="testNGPackage.TestNGLearning"/>
  <testcase name="workExp" time="0.002" classname="testNGPackage.TestNGLearning"/>
  <testcase name="myProject" time="0.0" classname="testNGPackage.TestNGLearning">
    <ignored/>
  </testcase> <!-- myProject -->
</testsuite> <!-- Test -->
