<?xml version="1.0" encoding="UTF-8"?>
<testng-results skipped="0" failed="0" ignored="0" total="1" passed="1">
  <reporter-output>
  </reporter-output>
  <suite name="Suite" duration-ms="36" started-at="2021-06-27T12:23:51Z" finished-at="2021-06-27T12:23:51Z">
    <groups>
    </groups>
    <test name="Test" duration-ms="36" started-at="2021-06-27T12:23:51Z" finished-at="2021-06-27T12:23:51Z">
      <class name="testNGPackage.NewTest">
        <test-method status="PASS" signature="f()[pri:0, instance:testNGPackage.NewTest@5d5eef3d]" name="f" is-config="true" duration-ms="12" started-at="2021-06-27T17:53:51Z" finished-at="2021-06-27T17:53:51Z">
          <reporter-output>
          </reporter-output>
        </test-method> <!-- f -->
        <test-method status="PASS" signature="FirstTest()[pri:0, instance:testNGPackage.NewTest@5d5eef3d]" name="FirstTest" duration-ms="1" started-at="2021-06-27T17:53:51Z" finished-at="2021-06-27T17:53:51Z">
          <reporter-output>
          </reporter-output>
        </test-method> <!-- FirstTest -->
      </class> <!-- testNGPackage.NewTest -->
    </test> <!-- Test -->
  </suite> <!-- Suite -->
</testng-results>
