<?xml version="1.0" encoding="UTF-8"?>
<!-- Generated by org.testng.reporters.JUnitXMLReporter -->
<testsuite hostname="DESKTOP-1CMO051" ignored="0" name="ChromeTest" tests="1" failures="0" timestamp="2021-09-18T11:32:21 IST" time="11.555" errors="0">
  <testcase name="@BeforeTest setup" time="0.014" classname="ParallelTest.CrossBrowserScript">
    <failure type="java.lang.IllegalStateException" message="The driver executable must exist: C:\Users\Avinash\MicrosoftWebDriver.exe">
      <![CDATA[java.lang.IllegalStateException: The driver executable must exist: C:\Users\Avinash\MicrosoftWebDriver.exe
at org.openqa.selenium.internal.Require$FileStateChecker.isFile(Require.java:315)
at org.openqa.selenium.remote.service.DriverService.checkExecutable(DriverService.java:164)
at org.openqa.selenium.remote.service.DriverService.findExecutable(DriverService.java:159)
at org.openqa.selenium.edge.EdgeDriverService.access$000(EdgeDriverService.java:41)
at org.openqa.selenium.edge.EdgeDriverService$Builder.findDefaultExecutable(EdgeDriverService.java:170)
at org.openqa.selenium.remote.service.DriverService$Builder.build(DriverService.java:434)
at org.openqa.selenium.edge.EdgeDriver.<init>(EdgeDriver.java:36)
at org.openqa.selenium.edge.EdgeDriver.<init>(EdgeDriver.java:33)
at ParallelTest.CrossBrowserScript.setup(CrossBrowserScript.java:44)
at java.util.concurrent.FutureTask.run(FutureTask.java:266)
at java.util.concurrent.ThreadPoolExecutor.runWorker(ThreadPoolExecutor.java:1149)
at java.util.concurrent.ThreadPoolExecutor$Worker.run(ThreadPoolExecutor.java:624)
at java.lang.Thread.run(Thread.java:748)
... Removed 15 stack frames]]>
    </failure>
  </testcase> <!-- @BeforeTest setup -->
  <testcase name="testParameterWithXML" time="2.165" classname="ParallelTest.CrossBrowserScript"/>
</testsuite> <!-- ChromeTest -->
