<?xml version="1.0" encoding="UTF-8"?>
<!-- Generated by org.testng.reporters.JUnitXMLReporter -->
<testsuite hostname="DESKTOP-1CMO051" ignored="0" name="FirefoxTest" tests="1" failures="0" timestamp="2021-09-18T11:32:09 IST" time="0.295" errors="0">
  <testcase name="@BeforeTest setup" time="0.21" classname="ParallelTest.CrossBrowserScript">
    <failure type="java.lang.IllegalStateException" message="The path to the driver executable The path to the driver executable must be set by the webdriver.gecko.driver system property; for more information, see https://github.com/mozilla/geckodriver. The latest version can be downloaded from https://github.com/mozilla/geckodriver/releases">
      <![CDATA[java.lang.IllegalStateException: The path to the driver executable The path to the driver executable must be set by the webdriver.gecko.driver system property; for more information, see https://github.com/mozilla/geckodriver. The latest version can be downloaded from https://github.com/mozilla/geckodriver/releases
at org.openqa.selenium.internal.Require$StateChecker.nonNull(Require.java:280)
at org.openqa.selenium.remote.service.DriverService.findExecutable(DriverService.java:152)
at org.openqa.selenium.firefox.GeckoDriverService.access$100(GeckoDriverService.java:45)
at org.openqa.selenium.firefox.GeckoDriverService$Builder.findDefaultExecutable(GeckoDriverService.java:186)
at org.openqa.selenium.remote.service.DriverService$Builder.build(DriverService.java:434)
at org.openqa.selenium.firefox.FirefoxDriver.toExecutor(FirefoxDriver.java:236)
at org.openqa.selenium.firefox.FirefoxDriver.<init>(FirefoxDriver.java:193)
at org.openqa.selenium.firefox.FirefoxDriver.<init>(FirefoxDriver.java:171)
at ParallelTest.CrossBrowserScript.setup(CrossBrowserScript.java:30)
at java.util.concurrent.FutureTask.run(FutureTask.java:266)
at java.util.concurrent.ThreadPoolExecutor.runWorker(ThreadPoolExecutor.java:1149)
at java.util.concurrent.ThreadPoolExecutor$Worker.run(ThreadPoolExecutor.java:624)
at java.lang.Thread.run(Thread.java:748)
... Removed 15 stack frames]]>
    </failure>
  </testcase> <!-- @BeforeTest setup -->
  <testcase name="testParameterWithXML" time="0.0" classname="ParallelTest.CrossBrowserScript">
    <skipped/>
  </testcase> <!-- testParameterWithXML -->
</testsuite> <!-- FirefoxTest -->
